kotlin version: 2.0.20
error message: org.jetbrains.kotlin.util.FileAnalysisException: Somewhere in file /mnt/data/Repositories/ext/android_packages_apps_AudioFX/src/org/lineageos/audiofx/activity/ActivityMusic2.kt: java.lang.IllegalStateException: Could not read file: /home/christoph/.local/share/android/sdk/platforms/android-34/android.jar!/android/app/Activity.class; size in bytes: 41103; file type: CLASS
	at org.jetbrains.kotlin.util.AnalysisExceptionsKt.wrapIntoFileAnalysisExceptionIfNeeded(AnalysisExceptions.kt:62)
	at org.jetbrains.kotlin.fir.FirCliExceptionHandler.handleExceptionOnFileAnalysis(Utils.kt:249)
	at org.jetbrains.kotlin.fir.resolve.transformers.FirSupertypeResolverTransformer.transformFile(FirSupertypesResolution.kt:883)
	at org.jetbrains.kotlin.fir.declarations.FirFile.transform(FirFile.kt:46)
	at org.jetbrains.kotlin.fir.resolve.transformers.FirTransformerBasedResolveProcessor.processFile(FirResolveProcessor.kt:48)
	at org.jetbrains.kotlin.fir.resolve.transformers.FirTotalResolveProcessor.process(FirTotalResolveProcessor.kt:36)
	at org.jetbrains.kotlin.fir.pipeline.AnalyseKt.runResolution(analyse.kt:20)
	at org.jetbrains.kotlin.fir.pipeline.FirUtilsKt.resolveAndCheckFir(firUtils.kt:76)
	at org.jetbrains.kotlin.fir.pipeline.FirUtilsKt.buildResolveAndCheckFirViaLightTree(firUtils.kt:88)
	at org.jetbrains.kotlin.cli.jvm.compiler.pipeline.JvmCompilerPipelineKt.compileModuleToAnalyzedFir(jvmCompilerPipeline.kt:319)
	at org.jetbrains.kotlin.cli.jvm.compiler.pipeline.JvmCompilerPipelineKt.compileModulesUsingFrontendIrAndLightTree(jvmCompilerPipeline.kt:118)
	at org.jetbrains.kotlin.cli.jvm.K2JVMCompiler.doExecute(K2JVMCompiler.kt:148)
	at org.jetbrains.kotlin.cli.jvm.K2JVMCompiler.doExecute(K2JVMCompiler.kt:43)
	at org.jetbrains.kotlin.cli.common.CLICompiler.execImpl(CLICompiler.kt:103)
	at org.jetbrains.kotlin.cli.common.CLICompiler.execImpl(CLICompiler.kt:49)
	at org.jetbrains.kotlin.cli.common.CLITool.exec(CLITool.kt:101)
	at org.jetbrains.kotlin.incremental.IncrementalJvmCompilerRunner.runCompiler(IncrementalJvmCompilerRunner.kt:464)
	at org.jetbrains.kotlin.incremental.IncrementalJvmCompilerRunner.runCompiler(IncrementalJvmCompilerRunner.kt:73)
	at org.jetbrains.kotlin.incremental.IncrementalCompilerRunner.doCompile(IncrementalCompilerRunner.kt:506)
	at org.jetbrains.kotlin.incremental.IncrementalCompilerRunner.compileImpl(IncrementalCompilerRunner.kt:423)
	at org.jetbrains.kotlin.incremental.IncrementalCompilerRunner.compileNonIncrementally(IncrementalCompilerRunner.kt:301)
	at org.jetbrains.kotlin.incremental.IncrementalCompilerRunner.compile(IncrementalCompilerRunner.kt:129)
	at org.jetbrains.kotlin.daemon.CompileServiceImplBase.execIncrementalCompiler(CompileServiceImpl.kt:675)
	at org.jetbrains.kotlin.daemon.CompileServiceImplBase.access$execIncrementalCompiler(CompileServiceImpl.kt:92)
	at org.jetbrains.kotlin.daemon.CompileServiceImpl.compile(CompileServiceImpl.kt:1660)
	at java.base/jdk.internal.reflect.NativeMethodAccessorImpl.invoke0(Native Method)
	at java.base/jdk.internal.reflect.NativeMethodAccessorImpl.invoke(NativeMethodAccessorImpl.java:77)
	at java.base/jdk.internal.reflect.DelegatingMethodAccessorImpl.invoke(DelegatingMethodAccessorImpl.java:43)
	at java.base/java.lang.reflect.Method.invoke(Method.java:568)
	at java.rmi/sun.rmi.server.UnicastServerRef.dispatch(UnicastServerRef.java:360)
	at java.rmi/sun.rmi.transport.Transport$1.run(Transport.java:200)
	at java.rmi/sun.rmi.transport.Transport$1.run(Transport.java:197)
	at java.base/java.security.AccessController.doPrivileged(AccessController.java:712)
	at java.rmi/sun.rmi.transport.Transport.serviceCall(Transport.java:196)
	at java.rmi/sun.rmi.transport.tcp.TCPTransport.handleMessages(TCPTransport.java:587)
	at java.rmi/sun.rmi.transport.tcp.TCPTransport$ConnectionHandler.run0(TCPTransport.java:828)
	at java.rmi/sun.rmi.transport.tcp.TCPTransport$ConnectionHandler.lambda$run$0(TCPTransport.java:705)
	at java.base/java.security.AccessController.doPrivileged(AccessController.java:399)
	at java.rmi/sun.rmi.transport.tcp.TCPTransport$ConnectionHandler.run(TCPTransport.java:704)
	at java.base/java.util.concurrent.ThreadPoolExecutor.runWorker(ThreadPoolExecutor.java:1136)
	at java.base/java.util.concurrent.ThreadPoolExecutor$Worker.run(ThreadPoolExecutor.java:635)
	at java.base/java.lang.Thread.run(Thread.java:840)
Caused by: java.lang.IllegalStateException: Could not read file: /home/christoph/.local/share/android/sdk/platforms/android-34/android.jar!/android/app/Activity.class; size in bytes: 41103; file type: CLASS
	at org.jetbrains.kotlin.load.kotlin.VirtualFileKotlinClass$Factory.logFileReadingErrorMessage(VirtualFileKotlinClass.kt:77)
	at org.jetbrains.kotlin.load.kotlin.VirtualFileKotlinClass$Factory.create$lambda$3(VirtualFileKotlinClass.kt:68)
	at org.jetbrains.kotlin.util.PerformanceCounter.time(PerformanceCounter.kt:90)
	at org.jetbrains.kotlin.load.kotlin.VirtualFileKotlinClass$Factory.create$frontend_common_jvm(VirtualFileKotlinClass.kt:51)
	at org.jetbrains.kotlin.load.kotlin.KotlinBinaryClassCache$Companion.getKotlinBinaryClassOrClassFileContent$lambda$0(KotlinBinaryClassCache.kt:89)
	at org.jetbrains.kotlin.com.intellij.mock.MockApplication.runReadAction(MockApplication.java:190)
	at org.jetbrains.kotlin.load.kotlin.KotlinBinaryClassCache$Companion.getKotlinBinaryClassOrClassFileContent(KotlinBinaryClassCache.kt:88)
	at org.jetbrains.kotlin.load.kotlin.KotlinBinaryClassCache$Companion.getKotlinBinaryClassOrClassFileContent$default(KotlinBinaryClassCache.kt:72)
	at org.jetbrains.kotlin.load.kotlin.VirtualFileFinder.findKotlinClassOrContent(VirtualFileFinder.kt:37)
	at org.jetbrains.kotlin.fir.java.deserialization.JvmClassFileBasedSymbolProvider.extractClassMetadata(JvmClassFileBasedSymbolProvider.kt:161)
	at org.jetbrains.kotlin.fir.deserialization.AbstractFirDeserializedSymbolProvider.findAndDeserializeClass(AbstractFirDeserializedSymbolProvider.kt:228)
	at org.jetbrains.kotlin.fir.deserialization.AbstractFirDeserializedSymbolProvider.classCache$lambda$5(AbstractFirDeserializedSymbolProvider.kt:162)
	at org.jetbrains.kotlin.fir.caches.FirThreadUnsafeCacheWithPostCompute.getValue(FirThreadUnsafeCachesFactory.kt:58)
	at org.jetbrains.kotlin.fir.deserialization.AbstractFirDeserializedSymbolProvider.getClass(AbstractFirDeserializedSymbolProvider.kt:314)
	at org.jetbrains.kotlin.fir.deserialization.AbstractFirDeserializedSymbolProvider.getClass$default(AbstractFirDeserializedSymbolProvider.kt:297)
	at org.jetbrains.kotlin.fir.deserialization.AbstractFirDeserializedSymbolProvider.getClassLikeSymbolByClassId(AbstractFirDeserializedSymbolProvider.kt:371)
	at org.jetbrains.kotlin.fir.resolve.providers.impl.FirCachingCompositeSymbolProvider.computeClass(FirCachingCompositeSymbolProvider.kt:147)
	at org.jetbrains.kotlin.fir.resolve.providers.impl.FirCachingCompositeSymbolProvider.access$computeClass(FirCachingCompositeSymbolProvider.kt:27)
	at org.jetbrains.kotlin.fir.resolve.providers.impl.FirCachingCompositeSymbolProvider$special$$inlined$createCache$1.invoke(FirCachesFactory.kt:73)
	at org.jetbrains.kotlin.fir.resolve.providers.impl.FirCachingCompositeSymbolProvider$special$$inlined$createCache$1.invoke(FirCachesFactory.kt:71)
	at org.jetbrains.kotlin.fir.caches.FirThreadUnsafeCache.getValue(FirThreadUnsafeCachesFactory.kt:40)
	at org.jetbrains.kotlin.fir.resolve.providers.impl.FirCachingCompositeSymbolProvider.getClassLikeSymbolByClassId(FirCachingCompositeSymbolProvider.kt:174)
	at org.jetbrains.kotlin.fir.resolve.LookupTagUtilsKt.toSymbol(LookupTagUtils.kt:59)
	at org.jetbrains.kotlin.fir.types.TypeUtilsKt.toSymbol(TypeUtils.kt:297)
	at org.jetbrains.kotlin.fir.resolve.transformers.FirSupertypeResolverVisitor.resolveSpecificClassLikeSupertypes$lambda$15(FirSupertypesResolution.kt:452)
	at org.jetbrains.kotlin.fir.resolve.transformers.FirSupertypeResolverVisitor.resolveSpecificClassLikeSupertypes(FirSupertypesResolution.kt:405)
	at org.jetbrains.kotlin.fir.resolve.transformers.FirSupertypeResolverVisitor.resolveSpecificClassLikeSupertypes(FirSupertypesResolution.kt:448)
	at org.jetbrains.kotlin.fir.resolve.transformers.FirSupertypeResolverVisitor.resolveAllSupertypes(FirSupertypesResolution.kt:327)
	at org.jetbrains.kotlin.fir.resolve.transformers.FirSupertypeResolverVisitor.resolveAllSupertypes(FirSupertypesResolution.kt:333)
	at org.jetbrains.kotlin.fir.resolve.transformers.FirSupertypeResolverVisitor.resolveAllSupertypes(FirSupertypesResolution.kt:333)
	at org.jetbrains.kotlin.fir.resolve.transformers.FirSupertypeResolverVisitor.resolveAllSupertypes(FirSupertypesResolution.kt:333)
	at org.jetbrains.kotlin.fir.resolve.transformers.FirSupertypeResolverVisitor.resolveAllSupertypes(FirSupertypesResolution.kt:333)
	at org.jetbrains.kotlin.fir.resolve.transformers.FirSupertypeResolverVisitor.resolveAllSupertypes$default(FirSupertypesResolution.kt:320)
	at org.jetbrains.kotlin.fir.resolve.transformers.FirSupertypeResolverVisitor.resolveAllSupertypesForOuterClass(FirSupertypesResolution.kt:317)
	at org.jetbrains.kotlin.fir.resolve.transformers.FirSupertypeResolverVisitor.calculateScopes(FirSupertypesResolution.kt:301)
	at org.jetbrains.kotlin.fir.resolve.transformers.FirSupertypeResolverVisitor.prepareScopeForCompanion$lambda$4(FirSupertypesResolution.kt:292)
	at org.jetbrains.kotlin.fir.resolve.transformers.SupertypeComputationSession.getOrPutScopeForCompanion(FirSupertypesResolution.kt:640)
	at org.jetbrains.kotlin.fir.resolve.transformers.FirSupertypeResolverVisitor.prepareScopeForCompanion(FirSupertypesResolution.kt:291)
	at org.jetbrains.kotlin.fir.resolve.transformers.FirSupertypeResolverVisitor.prepareScopes(FirSupertypesResolution.kt:356)
	at org.jetbrains.kotlin.fir.resolve.transformers.FirSupertypeResolverVisitor.resolveSpecificClassLikeSupertypes(FirSupertypesResolution.kt:390)
	at org.jetbrains.kotlin.fir.resolve.transformers.FirSupertypeResolverVisitor.resolveSpecificClassLikeSupertypes(FirSupertypesResolution.kt:448)
	at org.jetbrains.kotlin.fir.resolve.transformers.FirSupertypeResolverVisitor.visitRegularClass(FirSupertypesResolution.kt:428)
	at org.jetbrains.kotlin.fir.resolve.transformers.FirSupertypeResolverVisitor.visitRegularClass(FirSupertypesResolution.kt:228)
	at org.jetbrains.kotlin.fir.declarations.FirRegularClass.accept(FirRegularClass.kt:48)
	at org.jetbrains.kotlin.fir.declarations.impl.FirRegularClassImpl.acceptChildren(FirRegularClassImpl.kt:63)
	at org.jetbrains.kotlin.fir.resolve.transformers.FirSupertypeResolverVisitor.visitDeclarationContent(FirSupertypesResolution.kt:416)
	at org.jetbrains.kotlin.fir.resolve.transformers.FirSupertypeResolverVisitor.visitRegularClass(FirSupertypesResolution.kt:429)
	at org.jetbrains.kotlin.fir.resolve.transformers.FirSupertypeResolverVisitor.visitRegularClass(FirSupertypesResolution.kt:228)
	at org.jetbrains.kotlin.fir.declarations.FirRegularClass.accept(FirRegularClass.kt:48)
	at org.jetbrains.kotlin.fir.declarations.impl.FirFileImpl.acceptChildren(FirFileImpl.kt:57)
	at org.jetbrains.kotlin.fir.resolve.transformers.FirSupertypeResolverVisitor.visitDeclarationContent(FirSupertypesResolution.kt:416)
	at org.jetbrains.kotlin.fir.resolve.transformers.FirSupertypeResolverVisitor.visitFile(FirSupertypesResolution.kt:595)
	at org.jetbrains.kotlin.fir.resolve.transformers.FirSupertypeResolverVisitor.visitFile(FirSupertypesResolution.kt:228)
	at org.jetbrains.kotlin.fir.declarations.FirFile.accept(FirFile.kt:42)
	at org.jetbrains.kotlin.fir.resolve.transformers.FirSupertypeResolverTransformer.transformFile(FirSupertypesResolution.kt:73)
	... 39 more
Caused by: java.lang.RuntimeException: java.io.FileNotFoundException: /home/christoph/.local/share/android/sdk/platforms/android-34/android.jar (Datei oder Verzeichnis nicht gefunden)
	at org.jetbrains.kotlin.com.intellij.util.io.FileAccessorCache.createHandle(FileAccessorCache.java:56)
	at org.jetbrains.kotlin.com.intellij.util.io.FileAccessorCache.get(FileAccessorCache.java:39)
	at org.jetbrains.kotlin.cli.jvm.compiler.jarfs.FastJarHandler.contentsToByteArray(FastJarHandler.kt:108)
	at org.jetbrains.kotlin.cli.jvm.compiler.jarfs.FastJarVirtualFile.contentsToByteArray(FastJarVirtualFile.kt:89)
	at org.jetbrains.kotlin.com.intellij.openapi.vfs.VirtualFile.contentsToByteArray(VirtualFile.java:627)
	at org.jetbrains.kotlin.load.kotlin.VirtualFileKotlinClass$Factory.create$lambda$3(VirtualFileKotlinClass.kt:55)
	... 92 more
Caused by: java.io.FileNotFoundException: /home/christoph/.local/share/android/sdk/platforms/android-34/android.jar (Datei oder Verzeichnis nicht gefunden)
	at java.base/java.io.RandomAccessFile.open0(Native Method)
	at java.base/java.io.RandomAccessFile.open(RandomAccessFile.java:344)
	at java.base/java.io.RandomAccessFile.<init>(RandomAccessFile.java:259)
	at java.base/java.io.RandomAccessFile.<init>(RandomAccessFile.java:213)
	at org.jetbrains.kotlin.cli.jvm.compiler.jarfs.FastJarFileSystem$cachedOpenFileHandles$1.createAccessor(FastJarFileSystem.kt:30)
	at org.jetbrains.kotlin.cli.jvm.compiler.jarfs.FastJarFileSystem$cachedOpenFileHandles$1.createAccessor(FastJarFileSystem.kt:27)
	at org.jetbrains.kotlin.com.intellij.util.io.FileAccessorCache.createHandle(FileAccessorCache.java:45)
	... 97 more


